<?xml version="1.0" encoding="UTF-8"?>
<!-- Generated by org.testng.reporters.JUnitReportReporter -->
<testsuite hostname="sravankumarc" failures="0" tests="1" name="com.group.ExtentRepo" time="6.330" errors="0" timestamp="2023-02-07T10:27:08 IST" skipped="0">
  <testcase classname="com.group.ExtentRepo" name="createRepo" time="6.330"/>
  <system-out/>
</testsuite> <!-- com.group.ExtentRepo -->
