<?xml version="1.0" encoding="UTF-8"?>
<!-- Generated by org.testng.reporters.JUnitReportReporter -->
<testsuite hostname="sravankumarc" failures="0" tests="2" name="com.group.Batch1Test" time="71.875" errors="0" timestamp="2023-02-06T19:19:21 IST" skipped="0">
  <testcase classname="com.group.Batch1Test" name="cretOr" time="35.743"/>
  <system-out/>
  <testcase classname="com.group.Batch1Test" name="cretOr" time="36.132"/>
  <system-out/>
</testsuite> <!-- com.group.Batch1Test -->
