<?xml version="1.0" encoding="UTF-8"?>
<!-- Generated by org.testng.reporters.JUnitReportReporter -->
<testsuite hostname="sravankumarc" failures="0" tests="1" name="com.group.Group1Test" time="22.702" errors="0" timestamp="2023-02-06T17:42:09 IST" skipped="0">
  <testcase classname="com.group.Group1Test" name="cretOr" time="22.702"/>
  <system-out/>
</testsuite> <!-- com.group.Group1Test -->
