<?xml version="1.0" encoding="UTF-8"?>
<!-- Generated by org.testng.reporters.JUnitReportReporter -->
<testsuite hostname="sravankumarc" failures="0" tests="1" name="usingBaseClass.CretOrgTest" time="14.275" errors="0" timestamp="2023-02-06T16:56:34 IST" skipped="0">
  <testcase classname="usingBaseClass.CretOrgTest" name="cretOr" time="14.275"/>
  <system-out/>
</testsuite> <!-- usingBaseClass.CretOrgTest -->
