<?xml version="1.0" encoding="UTF-8"?>
<!-- Generated by org.testng.reporters.JUnitReportReporter -->
<testsuite hostname="sravankumarc" failures="0" tests="2" name="com.group.Batch2Test" time="71.329" errors="0" timestamp="2023-02-06T19:19:21 IST" skipped="0">
  <testcase classname="com.group.Batch2Test" name="cretOr" time="36.263"/>
  <system-out/>
  <testcase classname="com.group.Batch2Test" name="cretOr" time="35.066"/>
  <system-out/>
</testsuite> <!-- com.group.Batch2Test -->
