<?xml version="1.0" encoding="UTF-8"?>
<!-- Generated by org.testng.reporters.JUnitReportReporter -->
<testsuite hostname="sravankumarc" failures="0" tests="1" name="com.group.Group3Test" time="22.820" errors="0" timestamp="2023-02-06T17:55:26 IST" skipped="0">
  <testcase classname="com.group.Group3Test" name="cretOr" time="22.820"/>
  <system-out/>
</testsuite> <!-- com.group.Group3Test -->
