<?xml version="1.0" encoding="UTF-8"?>
<!-- Generated by org.testng.reporters.JUnitReportReporter -->
<testsuite hostname="sravankumarc" failures="0" tests="1" name="com.vtiger.CreateOrganizationTest" time="25.469" errors="0" timestamp="2023-02-06T15:03:22 IST" skipped="0">
  <testcase classname="com.vtiger.CreateOrganizationTest" name="createOrg" time="25.469"/>
  <system-out/>
</testsuite> <!-- com.vtiger.CreateOrganizationTest -->
