<?xml version="1.0" encoding="UTF-8"?>
<!-- Generated by org.testng.reporters.JUnitReportReporter -->
<testsuite hostname="sravankumarc" failures="0" tests="2" name="com.group.Batch3Test" time="71.492" errors="0" timestamp="2023-02-06T19:19:21 IST" skipped="0">
  <testcase classname="com.group.Batch3Test" name="cretOr" time="35.571"/>
  <system-out/>
  <testcase classname="com.group.Batch3Test" name="cretOr" time="35.921"/>
  <system-out/>
</testsuite> <!-- com.group.Batch3Test -->
