<?xml version="1.0" encoding="UTF-8"?>
<!-- Generated by org.testng.reporters.JUnitReportReporter -->
<testsuite hostname="sravankumarc" failures="0" tests="1" name="com.group.Group2Test" time="22.731" errors="0" timestamp="2023-02-06T17:43:52 IST" skipped="0">
  <testcase classname="com.group.Group2Test" name="cretOr" time="22.731"/>
  <system-out/>
</testsuite> <!-- com.group.Group2Test -->
